CRITICAL - 2022-05-19 03:18:07 --> Cannot use object of type stdClass as array
#0 C:\xampp\htdocs\new-intranet\vendor\codeigniter4\framework\system\View\View.php(210): include()
#1 C:\xampp\htdocs\new-intranet\vendor\codeigniter4\framework\system\View\View.php(213): CodeIgniter\View\View->CodeIgniter\View\{closure}()
#2 C:\xampp\htdocs\new-intranet\vendor\codeigniter4\framework\system\View\View.php(424): CodeIgniter\View\View->render('partials/sideba...', NULL, true)
#3 C:\xampp\htdocs\new-intranet\app\Views\partials\menu.php(3): CodeIgniter\View\View->include('partials/sideba...')
#4 C:\xampp\htdocs\new-intranet\vendor\codeigniter4\framework\system\View\View.php(210): include('C:\\xampp\\htdocs...')
#5 C:\xampp\htdocs\new-intranet\vendor\codeigniter4\framework\system\View\View.php(213): CodeIgniter\View\View->CodeIgniter\View\{closure}()
#6 C:\xampp\htdocs\new-intranet\vendor\codeigniter4\framework\system\View\View.php(424): CodeIgniter\View\View->render('partials/menu', NULL, true)
#7 C:\xampp\htdocs\new-intranet\app\Views\index.php(17): CodeIgniter\View\View->include('partials/menu')
#8 C:\xampp\htdocs\new-intranet\vendor\codeigniter4\framework\system\View\View.php(210): include('C:\\xampp\\htdocs...')
#9 C:\xampp\htdocs\new-intranet\vendor\codeigniter4\framework\system\View\View.php(213): CodeIgniter\View\View->CodeIgniter\View\{closure}()
#10 C:\xampp\htdocs\new-intranet\vendor\codeigniter4\framework\system\Common.php(1089): CodeIgniter\View\View->render('index', Array, true)
#11 C:\xampp\htdocs\new-intranet\app\Controllers\Home.php(19): view('index', Array)
#12 C:\xampp\htdocs\new-intranet\vendor\codeigniter4\framework\system\CodeIgniter.php(832): App\Controllers\Home->index()
#13 C:\xampp\htdocs\new-intranet\vendor\codeigniter4\framework\system\CodeIgniter.php(419): CodeIgniter\CodeIgniter->runController(Object(App\Controllers\Home))
#14 C:\xampp\htdocs\new-intranet\vendor\codeigniter4\framework\system\CodeIgniter.php(326): CodeIgniter\CodeIgniter->handleRequest(NULL, Object(Config\Cache), false)
#15 C:\xampp\htdocs\new-intranet\public\index.php(37): CodeIgniter\CodeIgniter->run()
#16 C:\xampp\htdocs\new-intranet\vendor\codeigniter4\framework\system\Commands\Server\rewrite.php(43): require_once('C:\\xampp\\htdocs...')
#17 {main}
CRITICAL - 2022-05-19 04:06:39 --> syntax error, unexpected '{'
#0 C:\xampp\htdocs\new-intranet\vendor\codeigniter4\framework\system\View\View.php(213): CodeIgniter\View\View->CodeIgniter\View\{closure}()
#1 C:\xampp\htdocs\new-intranet\vendor\codeigniter4\framework\system\View\View.php(424): CodeIgniter\View\View->render('partials/sideba...', NULL, true)
#2 C:\xampp\htdocs\new-intranet\app\Views\partials\menu.php(3): CodeIgniter\View\View->include('partials/sideba...')
#3 C:\xampp\htdocs\new-intranet\vendor\codeigniter4\framework\system\View\View.php(210): include('C:\\xampp\\htdocs...')
#4 C:\xampp\htdocs\new-intranet\vendor\codeigniter4\framework\system\View\View.php(213): CodeIgniter\View\View->CodeIgniter\View\{closure}()
#5 C:\xampp\htdocs\new-intranet\vendor\codeigniter4\framework\system\View\View.php(424): CodeIgniter\View\View->render('partials/menu', NULL, true)
#6 C:\xampp\htdocs\new-intranet\app\Views\index.php(17): CodeIgniter\View\View->include('partials/menu')
#7 C:\xampp\htdocs\new-intranet\vendor\codeigniter4\framework\system\View\View.php(210): include('C:\\xampp\\htdocs...')
#8 C:\xampp\htdocs\new-intranet\vendor\codeigniter4\framework\system\View\View.php(213): CodeIgniter\View\View->CodeIgniter\View\{closure}()
#9 C:\xampp\htdocs\new-intranet\vendor\codeigniter4\framework\system\Common.php(1089): CodeIgniter\View\View->render('index', Array, true)
#10 C:\xampp\htdocs\new-intranet\app\Controllers\Home.php(19): view('index', Array)
#11 C:\xampp\htdocs\new-intranet\vendor\codeigniter4\framework\system\CodeIgniter.php(832): App\Controllers\Home->index()
#12 C:\xampp\htdocs\new-intranet\vendor\codeigniter4\framework\system\CodeIgniter.php(419): CodeIgniter\CodeIgniter->runController(Object(App\Controllers\Home))
#13 C:\xampp\htdocs\new-intranet\vendor\codeigniter4\framework\system\CodeIgniter.php(326): CodeIgniter\CodeIgniter->handleRequest(NULL, Object(Config\Cache), false)
#14 C:\xampp\htdocs\new-intranet\public\index.php(37): CodeIgniter\CodeIgniter->run()
#15 C:\xampp\htdocs\new-intranet\vendor\codeigniter4\framework\system\Commands\Server\rewrite.php(43): require_once('C:\\xampp\\htdocs...')
#16 {main}
CRITICAL - 2022-05-19 04:39:32 --> syntax error, unexpected ')'
#0 C:\xampp\htdocs\new-intranet\vendor\codeigniter4\framework\system\CodeIgniter.php(368): CodeIgniter\CodeIgniter->tryToRouteIt(NULL)
#1 C:\xampp\htdocs\new-intranet\vendor\codeigniter4\framework\system\CodeIgniter.php(326): CodeIgniter\CodeIgniter->handleRequest(NULL, Object(Config\Cache), false)
#2 C:\xampp\htdocs\new-intranet\public\index.php(37): CodeIgniter\CodeIgniter->run()
#3 C:\xampp\htdocs\new-intranet\vendor\codeigniter4\framework\system\Commands\Server\rewrite.php(43): require_once('C:\\xampp\\htdocs...')
#4 {main}
